2016-09-14 10:05:08,880 - mcc - INFO - start to login in
2016-09-14 10:08:21,359 - mcc - INFO - start to login in
2016-09-14 10:08:24,028 - mcc - INFO - login mailbox successfully!
2016-09-14 10:08:24,029 - mcc - INFO - start to set out
2016-09-14 10:08:24,752 - mcc - INFO - outbox set success
2016-09-14 10:08:24,758 - mcc - INFO - start to login in
2016-09-14 10:08:25,480 - mcc - INFO - login mailbox successfully!
2016-09-14 10:08:25,481 - mcc - INFO - start to set out
2016-09-14 10:08:25,955 - mcc - INFO - outbox set success
2016-09-14 10:08:40,029 - mcc - INFO - start to login in
2016-09-14 10:08:41,300 - mcc - INFO - login mailbox successfully!
2016-09-14 10:08:41,301 - mcc - INFO - start to set out
2016-09-14 10:08:41,781 - mcc - INFO - outbox set success
2016-09-14 10:08:41,789 - mcc - INFO - start to login in
2016-09-14 10:08:42,327 - mcc - INFO - login mailbox successfully!
2016-09-14 10:08:42,328 - mcc - INFO - start to set out
2016-09-14 10:08:42,878 - mcc - INFO - outbox set success
2016-09-14 10:08:42,880 - mcc - INFO - start to capture mail
2016-09-14 10:08:43,329 - mcc - INFO - capture success
2016-09-14 10:08:43,330 - mcc - INFO - start to capture mail subject and sender
2016-09-14 10:08:43,331 - mcc - INFO - capture mail subject and sender success
2016-09-14 10:08:43,333 - mcc - INFO - start to send mail toSlave
2016-09-14 10:08:43,503 - mcc - INFO - send to Slave success
2016-09-14 10:08:43,688 - mcc - INFO - start to send mail toBoss
2016-09-14 10:08:43,839 - mcc - INFO - send to Boss success
2016-09-14 10:09:03,842 - mcc - INFO - start to login in
2016-09-14 10:09:04,367 - mcc - INFO - login mailbox successfully!
2016-09-14 10:09:04,367 - mcc - INFO - start to set out
2016-09-14 10:09:05,893 - mcc - INFO - outbox set success
2016-09-14 10:09:05,894 - mcc - INFO - start to capture mail
2016-09-14 10:09:07,119 - mcc - INFO - capture success
2016-09-14 10:09:07,120 - mcc - INFO - start to capture mail subject and sender
2016-09-14 10:09:07,120 - mcc - INFO - capture mail subject and sender success
2016-09-14 10:09:07,123 - mcc - INFO - start to send mail toSlave
2016-09-14 10:09:12,310 - mcc - INFO - send to Slave success
2016-09-14 10:09:12,311 - mcc - INFO - start to send mail toboss
2016-09-14 10:09:32,314 - mcc - INFO - start to login in
2016-09-14 10:09:33,135 - mcc - INFO - login mailbox successfully!
2016-09-14 10:09:33,135 - mcc - INFO - start to set out
2016-09-14 10:09:33,805 - mcc - INFO - outbox set success
2016-09-14 10:09:33,805 - mcc - INFO - start to capture mail
2016-09-14 10:09:34,049 - mcc - INFO - capture success
2016-09-14 10:09:34,050 - mcc - INFO - start to capture mail subject and sender
2016-09-14 10:09:34,051 - mcc - INFO - capture mail subject and sender success
2016-09-14 10:09:34,054 - mcc - INFO - start to send mail toSlave
2016-09-14 10:09:34,219 - mcc - INFO - send to Slave success
2016-09-14 10:09:34,221 - mcc - INFO - start to send mail toboss
2016-09-14 10:09:54,223 - mcc - INFO - start to login in
2016-09-14 10:09:54,758 - mcc - INFO - login mailbox successfully!
2016-09-14 10:09:54,758 - mcc - INFO - start to set out
2016-09-14 10:09:55,209 - mcc - INFO - outbox set success
2016-09-14 10:09:55,210 - mcc - INFO - start to capture mail
2016-09-14 10:09:55,535 - mcc - INFO - capture success
2016-09-14 10:09:55,536 - mcc - INFO - start to capture mail subject and sender
2016-09-14 10:09:55,536 - mcc - INFO - capture mail subject and sender success
2016-09-14 10:09:55,539 - mcc - INFO - start to send mail toSlave
2016-09-14 10:09:55,758 - mcc - INFO - send to Slave success
2016-09-14 10:09:55,759 - mcc - INFO - start to send mail toboss
2016-09-14 10:17:42,931 - mcc - INFO - start to login in
2016-09-14 10:17:44,320 - mcc - INFO - login mailbox successfully!
2016-09-14 10:17:44,320 - mcc - INFO - start to set out
2016-09-14 10:17:44,996 - mcc - INFO - outbox set success
2016-09-14 10:18:41,455 - mcc - INFO - start to login in
2016-09-14 10:18:42,989 - mcc - INFO - login mailbox successfully!
2016-09-14 10:18:42,990 - mcc - INFO - start to set out
2016-09-14 10:18:43,510 - mcc - INFO - outbox set success
2016-09-14 10:18:43,518 - mcc - INFO - start to login in
2016-09-14 10:18:44,028 - mcc - INFO - login mailbox successfully!
2016-09-14 10:18:44,029 - mcc - INFO - start to set out
2016-09-14 10:18:44,485 - mcc - INFO - outbox set success
2016-09-14 10:18:44,487 - mcc - INFO - start to capture mail
2016-09-14 10:18:44,814 - mcc - INFO - capture success
2016-09-14 10:18:44,815 - mcc - INFO - start to capture mail subject and sender
2016-09-14 10:18:44,816 - mcc - INFO - capture mail subject and sender success
2016-09-14 10:22:40,562 - mcc - INFO - start to login in
2016-09-14 10:22:41,814 - mcc - INFO - login mailbox successfully!
2016-09-14 10:22:41,815 - mcc - INFO - start to set out
2016-09-14 10:22:42,336 - mcc - INFO - outbox set success
2016-09-14 10:22:42,342 - mcc - INFO - start to login in
2016-09-14 10:22:42,872 - mcc - INFO - login mailbox successfully!
2016-09-14 10:22:42,873 - mcc - INFO - start to set out
2016-09-14 10:22:43,460 - mcc - INFO - outbox set success
2016-09-14 10:22:43,462 - mcc - INFO - start to capture mail
2016-09-14 10:22:43,943 - mcc - INFO - capture success
2016-09-14 10:22:43,944 - mcc - INFO - start to capture mail subject and sender
2016-09-14 10:22:43,945 - mcc - INFO - capture mail subject and sender success
2016-09-14 10:22:43,946 - mcc - INFO - begin to propose order
2016-09-14 10:23:03,949 - mcc - INFO - start to login in
2016-09-14 10:23:04,477 - mcc - INFO - login mailbox successfully!
2016-09-14 10:23:04,478 - mcc - INFO - start to set out
2016-09-14 10:23:05,074 - mcc - INFO - outbox set success
2016-09-14 10:23:05,075 - mcc - INFO - start to capture mail
2016-09-14 10:23:06,425 - mcc - INFO - capture success
2016-09-14 10:23:06,426 - mcc - INFO - start to capture mail subject and sender
2016-09-14 10:23:06,426 - mcc - INFO - capture mail subject and sender success
2016-09-14 10:23:06,428 - mcc - INFO - begin to propose order
2016-09-14 10:23:26,430 - mcc - INFO - start to login in
2016-09-14 10:23:26,979 - mcc - INFO - login mailbox successfully!
2016-09-14 10:23:26,980 - mcc - INFO - start to set out
2016-09-14 10:23:27,425 - mcc - INFO - outbox set success
2016-09-14 10:23:27,425 - mcc - INFO - start to capture mail
2016-09-14 10:23:27,786 - mcc - INFO - capture success
2016-09-14 10:23:27,787 - mcc - INFO - start to capture mail subject and sender
2016-09-14 10:23:27,788 - mcc - INFO - capture mail subject and sender success
2016-09-14 10:23:27,789 - mcc - INFO - begin to propose order
2016-09-14 10:23:27,790 - mcc - INFO - start to send mail toSlave
2016-09-14 10:23:27,964 - mcc - INFO - send to Slave success
2016-09-14 10:23:27,965 - mcc - INFO - open a file
2016-09-14 10:23:29,506 - mcc - INFO - start to send mail toBoss
2016-09-14 10:23:29,640 - mcc - INFO - send to Boss success
2016-09-14 10:23:29,641 - mcc - INFO - open file success
2016-09-14 10:23:49,644 - mcc - INFO - start to login in
2016-09-14 10:23:50,159 - mcc - INFO - login mailbox successfully!
2016-09-14 10:23:50,159 - mcc - INFO - start to set out
2016-09-14 10:23:50,729 - mcc - INFO - outbox set success
2016-09-14 10:23:50,729 - mcc - INFO - start to capture mail
2016-09-14 10:23:50,958 - mcc - INFO - capture success
2016-09-14 10:23:50,959 - mcc - INFO - start to capture mail subject and sender
2016-09-14 10:23:50,960 - mcc - INFO - capture mail subject and sender success
2016-09-14 10:23:50,962 - mcc - INFO - begin to propose order
2016-09-14 10:23:50,964 - mcc - INFO - start to send mail toSlave
2016-09-14 10:23:51,131 - mcc - INFO - send to Slave success
2016-09-14 10:23:51,132 - mcc - INFO - open a file
2016-09-14 10:23:51,485 - mcc - INFO - start to send mail toBoss
2016-09-14 10:23:51,622 - mcc - INFO - send to Boss success
2016-09-14 10:23:51,623 - mcc - INFO - open file success
2016-09-14 10:24:11,626 - mcc - INFO - start to login in
2016-09-14 10:24:13,248 - mcc - INFO - login mailbox successfully!
2016-09-14 10:24:13,248 - mcc - INFO - start to set out
2016-09-14 10:24:13,694 - mcc - INFO - outbox set success
2016-09-14 10:24:13,694 - mcc - INFO - start to capture mail
2016-09-14 10:24:14,003 - mcc - INFO - capture success
2016-09-14 10:24:14,003 - mcc - INFO - start to capture mail subject and sender
2016-09-14 10:24:14,004 - mcc - INFO - capture mail subject and sender success
2016-09-14 10:24:14,005 - mcc - INFO - begin to propose order
2016-09-14 10:24:42,604 - mcc - INFO - start to login in
2016-09-14 10:24:43,920 - mcc - INFO - login mailbox successfully!
2016-09-14 10:24:43,920 - mcc - INFO - start to set out
2016-09-14 10:24:44,379 - mcc - INFO - outbox set success
2016-09-14 10:24:44,385 - mcc - INFO - start to login in
2016-09-14 10:24:44,910 - mcc - INFO - login mailbox successfully!
2016-09-14 10:24:44,910 - mcc - INFO - start to set out
2016-09-14 10:24:45,443 - mcc - INFO - outbox set success
2016-09-14 10:24:45,445 - mcc - INFO - start to capture mail
2016-09-14 10:24:45,669 - mcc - INFO - capture success
2016-09-14 10:24:45,670 - mcc - INFO - start to capture mail subject and sender
2016-09-14 10:24:45,672 - mcc - INFO - capture mail subject and sender success
2016-09-14 10:24:45,672 - mcc - INFO - begin to propose order
2016-09-14 10:24:45,673 - mcc - INFO - start to send mail toSlave
2016-09-14 10:24:45,830 - mcc - INFO - send to Slave success
2016-09-14 10:24:45,830 - mcc - INFO - open a file
2016-09-14 10:24:46,009 - mcc - INFO - start to send mail toBoss
2016-09-14 10:24:46,129 - mcc - INFO - send to Boss success
2016-09-14 10:24:46,130 - mcc - INFO - open file success
2016-09-14 10:25:46,133 - mcc - INFO - start to login in
2016-09-14 10:25:46,696 - mcc - INFO - login mailbox successfully!
2016-09-14 10:25:46,696 - mcc - INFO - start to set out
2016-09-14 10:25:47,321 - mcc - INFO - outbox set success
2016-09-14 10:25:47,322 - mcc - INFO - start to capture mail
2016-09-14 10:25:47,584 - mcc - INFO - capture success
2016-09-14 10:25:47,585 - mcc - INFO - start to capture mail subject and sender
2016-09-14 10:25:47,585 - mcc - INFO - capture mail subject and sender success
2016-09-14 10:25:47,587 - mcc - INFO - begin to propose order
2016-09-14 10:25:47,588 - mcc - INFO - start to send mail toSlave
2016-09-14 10:25:47,775 - mcc - INFO - send to Slave success
2016-09-14 10:25:47,775 - mcc - INFO - open a file
2016-09-14 10:25:49,146 - mcc - INFO - start to send mail toBoss
2016-09-14 10:25:49,273 - mcc - INFO - send to Boss success
2016-09-14 10:25:49,274 - mcc - INFO - open file success
2016-09-14 10:26:49,276 - mcc - INFO - start to login in
2016-09-14 10:26:49,873 - mcc - INFO - login mailbox successfully!
2016-09-14 10:26:49,874 - mcc - INFO - start to set out
2016-09-14 10:26:50,571 - mcc - INFO - outbox set success
2016-09-14 10:26:50,571 - mcc - INFO - start to capture mail
2016-09-14 10:26:50,798 - mcc - INFO - capture success
2016-09-14 10:26:50,799 - mcc - INFO - start to capture mail subject and sender
2016-09-14 10:26:50,799 - mcc - INFO - capture mail subject and sender success
2016-09-14 10:26:50,801 - mcc - INFO - begin to propose order
2016-09-14 10:26:50,802 - mcc - INFO - start to send mail toSlave
2016-09-14 10:26:50,961 - mcc - INFO - send to Slave success
2016-09-14 10:26:50,961 - mcc - INFO - open a file
2016-09-14 10:26:52,278 - mcc - INFO - start to send mail toBoss
2016-09-14 10:26:52,418 - mcc - INFO - send to Boss success
2016-09-14 10:26:52,419 - mcc - INFO - open file success
2016-09-14 10:27:52,422 - mcc - INFO - start to login in
2016-09-14 10:27:52,960 - mcc - INFO - login mailbox successfully!
2016-09-14 10:27:52,960 - mcc - INFO - start to set out
2016-09-14 10:27:53,842 - mcc - INFO - outbox set success
2016-09-14 10:27:53,843 - mcc - INFO - start to capture mail
2016-09-14 10:27:54,871 - mcc - INFO - capture success
2016-09-14 10:27:54,872 - mcc - INFO - start to capture mail subject and sender
2016-09-14 10:27:54,872 - mcc - INFO - capture mail subject and sender success
2016-09-14 10:27:54,874 - mcc - INFO - begin to propose order
2016-09-14 10:28:54,876 - mcc - INFO - start to login in
2016-09-14 10:28:55,590 - mcc - INFO - login mailbox successfully!
2016-09-14 10:28:55,590 - mcc - INFO - start to set out
2016-09-14 10:28:57,024 - mcc - INFO - outbox set success
2016-09-14 10:28:57,025 - mcc - INFO - start to capture mail
2016-09-14 10:28:57,316 - mcc - INFO - capture success
2016-09-14 10:28:57,316 - mcc - INFO - start to capture mail subject and sender
2016-09-14 10:28:57,317 - mcc - INFO - capture mail subject and sender success
2016-09-14 10:28:57,318 - mcc - INFO - begin to propose order
2016-09-14 10:28:57,319 - mcc - INFO - start to send mail toSlave
2016-09-14 10:28:57,477 - mcc - INFO - send to Slave success
2016-09-14 10:28:57,478 - mcc - INFO - execute order
2016-09-14 10:29:11,168 - mcc - INFO - start to send mail toBoss
2016-09-14 10:29:11,297 - mcc - INFO - send to Boss success
2016-09-14 10:29:11,298 - mcc - INFO - execute successfully
2016-09-14 10:30:11,300 - mcc - INFO - start to login in
2016-09-14 10:30:11,820 - mcc - INFO - login mailbox successfully!
2016-09-14 10:30:11,821 - mcc - INFO - start to set out
2016-09-14 10:30:12,495 - mcc - INFO - outbox set success
2016-09-14 10:30:12,496 - mcc - INFO - start to capture mail
2016-09-14 10:30:13,040 - mcc - INFO - capture success
2016-09-14 10:30:13,041 - mcc - INFO - start to capture mail subject and sender
2016-09-14 10:30:13,041 - mcc - INFO - capture mail subject and sender success
2016-09-14 10:30:13,043 - mcc - INFO - begin to propose order
2016-09-14 10:31:13,047 - mcc - INFO - start to login in
2016-09-14 10:31:13,704 - mcc - INFO - login mailbox successfully!
2016-09-14 10:31:13,704 - mcc - INFO - start to set out
2016-09-14 10:31:14,224 - mcc - INFO - outbox set success
2016-09-14 10:31:14,224 - mcc - INFO - start to capture mail
2016-09-14 10:31:14,538 - mcc - INFO - capture success
2016-09-14 10:31:14,538 - mcc - INFO - start to capture mail subject and sender
2016-09-14 10:31:14,539 - mcc - INFO - capture mail subject and sender success
2016-09-14 10:31:14,540 - mcc - INFO - begin to propose order
2016-09-14 10:32:14,544 - mcc - INFO - start to login in
2016-09-14 10:32:15,216 - mcc - INFO - login mailbox successfully!
2016-09-14 10:32:15,217 - mcc - INFO - start to set out
2016-09-14 10:32:15,691 - mcc - INFO - outbox set success
2016-09-14 10:32:15,691 - mcc - INFO - start to capture mail
2016-09-14 10:32:15,953 - mcc - INFO - capture success
2016-09-14 10:32:15,953 - mcc - INFO - start to capture mail subject and sender
2016-09-14 10:32:15,953 - mcc - INFO - capture mail subject and sender success
2016-09-14 10:32:15,953 - mcc - INFO - begin to propose order
2016-09-14 10:33:15,955 - mcc - INFO - start to login in
2016-09-14 10:33:16,513 - mcc - INFO - login mailbox successfully!
2016-09-14 10:33:16,513 - mcc - INFO - start to set out
2016-09-14 10:33:17,019 - mcc - INFO - outbox set success
2016-09-14 10:33:17,019 - mcc - INFO - start to capture mail
2016-09-14 10:33:17,270 - mcc - INFO - capture success
2016-09-14 10:33:17,270 - mcc - INFO - start to capture mail subject and sender
2016-09-14 10:33:17,271 - mcc - INFO - capture mail subject and sender success
2016-09-14 10:33:17,272 - mcc - INFO - begin to propose order
2016-09-14 10:34:17,276 - mcc - INFO - start to login in
2016-09-14 10:34:17,917 - mcc - INFO - login mailbox successfully!
2016-09-14 10:34:17,917 - mcc - INFO - start to set out
2016-09-14 10:34:18,546 - mcc - INFO - outbox set success
2016-09-14 10:34:18,546 - mcc - INFO - start to capture mail
2016-09-14 10:34:18,942 - mcc - INFO - capture success
2016-09-14 10:34:18,942 - mcc - INFO - start to capture mail subject and sender
2016-09-14 10:34:18,943 - mcc - INFO - capture mail subject and sender success
2016-09-14 10:34:18,944 - mcc - INFO - begin to propose order
2016-09-14 10:35:18,947 - mcc - INFO - start to login in
2016-09-14 10:35:19,990 - mcc - INFO - login mailbox successfully!
2016-09-14 10:35:19,990 - mcc - INFO - start to set out
2016-09-14 10:35:20,810 - mcc - INFO - outbox set success
2016-09-14 10:35:20,810 - mcc - INFO - start to capture mail
2016-09-14 10:35:21,119 - mcc - INFO - capture success
2016-09-14 10:35:21,120 - mcc - INFO - start to capture mail subject and sender
2016-09-14 10:35:21,120 - mcc - INFO - capture mail subject and sender success
2016-09-14 10:35:21,122 - mcc - INFO - begin to propose order
2016-09-14 10:36:21,124 - mcc - INFO - start to login in
2016-09-14 10:36:21,745 - mcc - INFO - login mailbox successfully!
2016-09-14 10:36:21,746 - mcc - INFO - start to set out
2016-09-14 10:36:22,327 - mcc - INFO - outbox set success
2016-09-14 10:36:22,328 - mcc - INFO - start to capture mail
2016-09-14 10:36:22,591 - mcc - INFO - capture success
2016-09-14 10:36:22,591 - mcc - INFO - start to capture mail subject and sender
2016-09-14 10:36:22,592 - mcc - INFO - capture mail subject and sender success
2016-09-14 10:36:22,593 - mcc - INFO - begin to propose order
2016-09-14 10:37:22,596 - mcc - INFO - start to login in
2016-09-14 10:37:23,272 - mcc - INFO - login mailbox successfully!
2016-09-14 10:37:23,273 - mcc - INFO - start to set out
2016-09-14 10:37:24,649 - mcc - INFO - outbox set success
2016-09-14 10:37:24,650 - mcc - INFO - start to capture mail
2016-09-14 10:37:24,933 - mcc - INFO - capture success
2016-09-14 10:37:24,934 - mcc - INFO - start to capture mail subject and sender
2016-09-14 10:37:24,934 - mcc - INFO - capture mail subject and sender success
2016-09-14 10:37:24,935 - mcc - INFO - begin to propose order
2016-09-14 10:38:24,938 - mcc - INFO - start to login in
2016-09-14 10:38:25,625 - mcc - INFO - login mailbox successfully!
2016-09-14 10:38:25,625 - mcc - INFO - start to set out
2016-09-14 10:38:26,132 - mcc - INFO - outbox set success
2016-09-14 10:38:26,133 - mcc - INFO - start to capture mail
2016-09-14 10:38:26,486 - mcc - INFO - capture success
2016-09-14 10:38:26,487 - mcc - INFO - start to capture mail subject and sender
2016-09-14 10:38:26,487 - mcc - INFO - capture mail subject and sender success
2016-09-14 10:38:26,488 - mcc - INFO - begin to propose order
2016-09-14 11:10:10,031 - mcc - INFO - start to login in
2016-09-14 11:10:11,426 - mcc - INFO - login mailbox successfully!
2016-09-14 11:10:11,426 - mcc - INFO - start to set out
2016-09-14 11:10:12,862 - mcc - INFO - outbox set success
2016-09-14 11:10:12,869 - mcc - INFO - start to login in
2016-09-14 11:10:13,404 - mcc - INFO - login mailbox successfully!
2016-09-14 11:10:13,404 - mcc - INFO - start to set out
2016-09-14 11:10:13,696 - mcc - INFO - outbox set success
2016-09-14 11:10:13,698 - mcc - INFO - start to capture mail
2016-09-14 11:10:14,125 - mcc - INFO - capture success
2016-09-14 11:10:14,126 - mcc - INFO - start to capture mail subject and sender
2016-09-14 11:10:14,127 - mcc - INFO - capture mail subject and sender success
2016-09-14 11:10:14,128 - mcc - INFO - begin to propose order
2016-09-14 11:11:43,913 - mcc - INFO - start to login in
2016-09-14 11:11:45,200 - mcc - INFO - login mailbox successfully!
2016-09-14 11:11:45,200 - mcc - INFO - start to set out
2016-09-14 11:11:45,721 - mcc - INFO - outbox set success
2016-09-14 11:11:45,728 - mcc - INFO - start to login in
2016-09-14 11:11:46,254 - mcc - INFO - login mailbox successfully!
2016-09-14 11:11:46,254 - mcc - INFO - start to set out
2016-09-14 11:11:46,805 - mcc - INFO - outbox set success
2016-09-14 11:11:46,806 - mcc - INFO - start to capture mail
2016-09-14 11:11:47,085 - mcc - INFO - capture success
2016-09-14 11:11:47,086 - mcc - INFO - start to capture mail subject and sender
2016-09-14 11:11:47,087 - mcc - INFO - capture mail subject and sender success
2016-09-14 11:11:47,088 - mcc - INFO - begin to propose order
2016-09-14 11:12:47,091 - mcc - INFO - start to login in
2016-09-14 11:12:47,683 - mcc - INFO - login mailbox successfully!
2016-09-14 11:12:47,684 - mcc - INFO - start to set out
2016-09-14 11:12:48,375 - mcc - INFO - outbox set success
2016-09-14 11:12:48,376 - mcc - INFO - start to capture mail
2016-09-14 11:12:48,732 - mcc - INFO - capture success
2016-09-14 11:12:48,733 - mcc - INFO - start to capture mail subject and sender
2016-09-14 11:12:48,734 - mcc - INFO - capture mail subject and sender success
2016-09-14 11:12:48,735 - mcc - INFO - begin to propose order
2016-09-14 11:13:48,737 - mcc - INFO - start to login in
2016-09-14 11:13:49,280 - mcc - INFO - login mailbox successfully!
2016-09-14 11:13:49,280 - mcc - INFO - start to set out
2016-09-14 11:13:50,854 - mcc - INFO - outbox set success
2016-09-14 11:13:50,854 - mcc - INFO - start to capture mail
2016-09-14 11:13:51,148 - mcc - INFO - capture success
2016-09-14 11:13:51,148 - mcc - INFO - start to capture mail subject and sender
2016-09-14 11:13:51,149 - mcc - INFO - capture mail subject and sender success
2016-09-14 11:13:51,150 - mcc - INFO - begin to propose order
2016-09-14 11:14:51,153 - mcc - INFO - start to login in
2016-09-14 11:14:52,127 - mcc - INFO - login mailbox successfully!
2016-09-14 11:14:52,127 - mcc - INFO - start to set out
2016-09-14 11:14:52,667 - mcc - INFO - outbox set success
2016-09-14 11:14:52,668 - mcc - INFO - start to capture mail
2016-09-14 11:14:53,034 - mcc - INFO - capture success
2016-09-14 11:14:53,035 - mcc - INFO - start to capture mail subject and sender
2016-09-14 11:14:53,036 - mcc - INFO - capture mail subject and sender success
2016-09-14 11:14:53,038 - mcc - INFO - begin to propose order
2016-09-14 11:15:53,041 - mcc - INFO - start to login in
2016-09-14 11:15:53,610 - mcc - INFO - login mailbox successfully!
2016-09-14 11:15:53,610 - mcc - INFO - start to set out
2016-09-14 11:15:54,372 - mcc - INFO - outbox set success
2016-09-14 11:15:54,372 - mcc - INFO - start to capture mail
2016-09-14 11:15:54,618 - mcc - INFO - capture success
2016-09-14 11:15:54,619 - mcc - INFO - start to capture mail subject and sender
2016-09-14 11:15:54,619 - mcc - INFO - capture mail subject and sender success
2016-09-14 11:15:54,621 - mcc - INFO - begin to propose order
2016-09-14 11:16:54,623 - mcc - INFO - start to login in
2016-09-14 11:16:55,212 - mcc - INFO - login mailbox successfully!
2016-09-14 11:16:55,213 - mcc - INFO - start to set out
2016-09-14 11:16:55,896 - mcc - INFO - outbox set success
2016-09-14 11:16:55,896 - mcc - INFO - start to capture mail
2016-09-14 11:16:56,160 - mcc - INFO - capture success
2016-09-14 11:16:56,160 - mcc - INFO - start to capture mail subject and sender
2016-09-14 11:16:56,161 - mcc - INFO - capture mail subject and sender success
2016-09-14 11:16:56,162 - mcc - INFO - begin to propose order
2016-09-14 11:17:56,166 - mcc - INFO - start to login in
2016-09-14 11:17:56,784 - mcc - INFO - login mailbox successfully!
2016-09-14 11:17:56,786 - mcc - INFO - start to set out
2016-09-14 11:17:57,258 - mcc - INFO - outbox set success
2016-09-14 11:17:57,258 - mcc - INFO - start to capture mail
2016-09-14 11:17:57,544 - mcc - INFO - capture success
2016-09-14 11:17:57,545 - mcc - INFO - start to capture mail subject and sender
2016-09-14 11:17:57,545 - mcc - INFO - capture mail subject and sender success
2016-09-14 11:17:57,547 - mcc - INFO - begin to propose order
2016-09-14 11:18:57,549 - mcc - INFO - start to login in
2016-09-14 11:18:58,088 - mcc - INFO - login mailbox successfully!
2016-09-14 11:18:58,088 - mcc - INFO - start to set out
2016-09-14 11:18:58,666 - mcc - INFO - outbox set success
2016-09-14 11:18:58,666 - mcc - INFO - start to capture mail
2016-09-14 11:18:58,918 - mcc - INFO - capture success
2016-09-14 11:18:58,919 - mcc - INFO - start to capture mail subject and sender
2016-09-14 11:18:58,919 - mcc - INFO - capture mail subject and sender success
2016-09-14 11:18:58,921 - mcc - INFO - begin to propose order
2016-09-14 11:19:58,923 - mcc - INFO - start to login in
2016-09-14 11:19:59,463 - mcc - INFO - login mailbox successfully!
2016-09-14 11:19:59,463 - mcc - INFO - start to set out
2016-09-14 11:20:00,148 - mcc - INFO - outbox set success
2016-09-14 11:20:00,149 - mcc - INFO - start to capture mail
2016-09-14 11:20:00,391 - mcc - INFO - capture success
2016-09-14 11:20:00,391 - mcc - INFO - start to capture mail subject and sender
2016-09-14 11:20:00,392 - mcc - INFO - capture mail subject and sender success
2016-09-14 11:20:00,394 - mcc - INFO - begin to propose order
2016-09-14 11:21:00,398 - mcc - INFO - start to login in
2016-09-14 11:21:00,972 - mcc - INFO - login mailbox successfully!
2016-09-14 11:21:00,972 - mcc - INFO - start to set out
2016-09-14 11:21:01,721 - mcc - INFO - outbox set success
2016-09-14 11:21:01,721 - mcc - INFO - start to capture mail
2016-09-14 11:21:02,124 - mcc - INFO - capture success
2016-09-14 11:21:02,124 - mcc - INFO - start to capture mail subject and sender
2016-09-14 11:21:02,125 - mcc - INFO - capture mail subject and sender success
2016-09-14 11:21:02,126 - mcc - INFO - begin to propose order
2016-09-14 11:22:02,128 - mcc - INFO - start to login in
2016-09-14 11:22:02,812 - mcc - INFO - login mailbox successfully!
2016-09-14 11:22:02,812 - mcc - INFO - start to set out
2016-09-14 11:22:03,343 - mcc - INFO - outbox set success
2016-09-14 11:22:03,343 - mcc - INFO - start to capture mail
2016-09-14 11:22:03,595 - mcc - INFO - capture success
2016-09-14 11:22:03,595 - mcc - INFO - start to capture mail subject and sender
2016-09-14 11:22:03,596 - mcc - INFO - capture mail subject and sender success
2016-09-14 11:22:03,597 - mcc - INFO - begin to propose order
2016-09-14 11:23:03,601 - mcc - INFO - start to login in
2016-09-14 11:23:04,201 - mcc - INFO - login mailbox successfully!
2016-09-14 11:23:04,201 - mcc - INFO - start to set out
2016-09-14 11:23:04,870 - mcc - INFO - outbox set success
2016-09-14 11:23:04,870 - mcc - INFO - start to capture mail
2016-09-14 11:23:06,488 - mcc - INFO - capture success
2016-09-14 11:23:06,489 - mcc - INFO - start to capture mail subject and sender
2016-09-14 11:23:06,489 - mcc - INFO - capture mail subject and sender success
2016-09-14 11:23:06,491 - mcc - INFO - begin to propose order
2016-09-14 11:24:06,494 - mcc - INFO - start to login in
2016-09-14 11:24:07,120 - mcc - INFO - login mailbox successfully!
2016-09-14 11:24:07,120 - mcc - INFO - start to set out
2016-09-14 11:24:07,812 - mcc - INFO - outbox set success
2016-09-14 11:24:07,813 - mcc - INFO - start to capture mail
2016-09-14 11:24:08,140 - mcc - INFO - capture success
2016-09-14 11:24:08,140 - mcc - INFO - start to capture mail subject and sender
2016-09-14 11:24:08,141 - mcc - INFO - capture mail subject and sender success
2016-09-14 11:24:08,142 - mcc - INFO - begin to propose order
2016-09-14 11:25:08,145 - mcc - INFO - start to login in
2016-09-14 11:25:08,785 - mcc - INFO - login mailbox successfully!
2016-09-14 11:25:08,785 - mcc - INFO - start to set out
2016-09-14 11:25:09,285 - mcc - INFO - outbox set success
2016-09-14 11:25:09,285 - mcc - INFO - start to capture mail
2016-09-14 11:25:09,551 - mcc - INFO - capture success
2016-09-14 11:25:09,552 - mcc - INFO - start to capture mail subject and sender
2016-09-14 11:25:09,553 - mcc - INFO - capture mail subject and sender success
2016-09-14 11:25:09,554 - mcc - INFO - begin to propose order
2016-09-14 11:26:09,556 - mcc - INFO - start to login in
2016-09-14 11:26:10,194 - mcc - INFO - login mailbox successfully!
2016-09-14 11:26:10,194 - mcc - INFO - start to set out
2016-09-14 11:26:10,724 - mcc - INFO - outbox set success
2016-09-14 11:26:10,724 - mcc - INFO - start to capture mail
2016-09-14 11:26:10,976 - mcc - INFO - capture success
2016-09-14 11:26:10,976 - mcc - INFO - start to capture mail subject and sender
2016-09-14 11:26:10,977 - mcc - INFO - capture mail subject and sender success
2016-09-14 11:26:10,978 - mcc - INFO - begin to propose order
2016-09-14 11:27:10,981 - mcc - INFO - start to login in
2016-09-14 11:27:11,548 - mcc - INFO - login mailbox successfully!
2016-09-14 11:27:11,548 - mcc - INFO - start to set out
2016-09-14 11:27:12,170 - mcc - INFO - outbox set success
2016-09-14 11:27:12,171 - mcc - INFO - start to capture mail
2016-09-14 11:27:12,421 - mcc - INFO - capture success
2016-09-14 11:27:12,422 - mcc - INFO - start to capture mail subject and sender
2016-09-14 11:27:12,423 - mcc - INFO - capture mail subject and sender success
2016-09-14 11:27:12,425 - mcc - INFO - begin to propose order
2016-09-14 11:28:12,428 - mcc - INFO - start to login in
2016-09-14 11:28:13,211 - mcc - INFO - login mailbox successfully!
2016-09-14 11:28:13,212 - mcc - INFO - start to set out
2016-09-14 11:28:14,689 - mcc - INFO - outbox set success
2016-09-14 11:28:14,689 - mcc - INFO - start to capture mail
2016-09-14 11:28:14,958 - mcc - INFO - capture success
2016-09-14 11:28:14,959 - mcc - INFO - start to capture mail subject and sender
2016-09-14 11:28:14,959 - mcc - INFO - capture mail subject and sender success
2016-09-14 11:28:14,961 - mcc - INFO - begin to propose order
2016-09-14 11:29:14,963 - mcc - INFO - start to login in
2016-09-14 11:29:15,622 - mcc - INFO - login mailbox successfully!
2016-09-14 11:29:15,622 - mcc - INFO - start to set out
2016-09-14 11:29:16,163 - mcc - INFO - outbox set success
2016-09-14 11:29:16,163 - mcc - INFO - start to capture mail
2016-09-14 11:29:16,411 - mcc - INFO - capture success
2016-09-14 11:29:16,412 - mcc - INFO - start to capture mail subject and sender
2016-09-14 11:29:16,412 - mcc - INFO - capture mail subject and sender success
2016-09-14 11:29:16,414 - mcc - INFO - begin to propose order
2016-09-14 11:30:16,416 - mcc - INFO - start to login in
2016-09-14 11:30:17,103 - mcc - INFO - login mailbox successfully!
2016-09-14 11:30:17,104 - mcc - INFO - start to set out
2016-09-14 11:30:17,725 - mcc - INFO - outbox set success
2016-09-14 11:30:17,725 - mcc - INFO - start to capture mail
2016-09-14 11:30:18,021 - mcc - INFO - capture success
2016-09-14 11:30:18,022 - mcc - INFO - start to capture mail subject and sender
2016-09-14 11:30:18,022 - mcc - INFO - capture mail subject and sender success
2016-09-14 11:30:18,024 - mcc - INFO - begin to propose order
2016-09-14 11:31:18,027 - mcc - INFO - start to login in
2016-09-14 11:31:18,667 - mcc - INFO - login mailbox successfully!
2016-09-14 11:31:18,667 - mcc - INFO - start to set out
2016-09-14 11:31:19,194 - mcc - INFO - outbox set success
2016-09-14 11:31:19,195 - mcc - INFO - start to capture mail
2016-09-14 11:31:19,448 - mcc - INFO - capture success
2016-09-14 11:31:19,449 - mcc - INFO - start to capture mail subject and sender
2016-09-14 11:31:19,449 - mcc - INFO - capture mail subject and sender success
2016-09-14 11:31:19,451 - mcc - INFO - begin to propose order
2016-09-14 11:32:19,453 - mcc - INFO - start to login in
2016-09-14 11:32:20,098 - mcc - INFO - login mailbox successfully!
2016-09-14 11:32:20,098 - mcc - INFO - start to set out
2016-09-14 11:32:20,644 - mcc - INFO - outbox set success
2016-09-14 11:32:20,644 - mcc - INFO - start to capture mail
2016-09-14 11:32:20,911 - mcc - INFO - capture success
2016-09-14 11:32:20,912 - mcc - INFO - start to capture mail subject and sender
2016-09-14 11:32:20,912 - mcc - INFO - capture mail subject and sender success
2016-09-14 11:32:20,914 - mcc - INFO - begin to propose order
2016-09-14 11:33:20,918 - mcc - INFO - start to login in
2016-09-14 11:33:21,559 - mcc - INFO - login mailbox successfully!
2016-09-14 11:33:21,560 - mcc - INFO - start to set out
2016-09-14 11:33:25,460 - mcc - INFO - outbox set success
2016-09-14 11:33:25,461 - mcc - INFO - start to capture mail
2016-09-14 11:33:25,801 - mcc - INFO - capture success
2016-09-14 11:33:25,801 - mcc - INFO - start to capture mail subject and sender
2016-09-14 11:33:25,801 - mcc - INFO - capture mail subject and sender success
2016-09-14 11:33:25,802 - mcc - INFO - begin to propose order
2016-09-14 11:34:25,807 - mcc - INFO - start to login in
2016-09-14 11:34:26,395 - mcc - INFO - login mailbox successfully!
2016-09-14 11:34:26,396 - mcc - INFO - start to set out
2016-09-14 11:34:28,328 - mcc - INFO - outbox set success
2016-09-14 11:34:28,329 - mcc - INFO - start to capture mail
2016-09-14 11:34:29,599 - mcc - INFO - capture success
2016-09-14 11:34:29,600 - mcc - INFO - start to capture mail subject and sender
2016-09-14 11:34:29,601 - mcc - INFO - capture mail subject and sender success
2016-09-14 11:34:29,602 - mcc - INFO - begin to propose order
2016-09-14 11:35:29,605 - mcc - INFO - start to login in
2016-09-14 11:35:30,218 - mcc - INFO - login mailbox successfully!
2016-09-14 11:35:30,219 - mcc - INFO - start to set out
2016-09-14 11:35:30,807 - mcc - INFO - outbox set success
2016-09-14 11:35:30,808 - mcc - INFO - start to capture mail
2016-09-14 11:35:31,047 - mcc - INFO - capture success
2016-09-14 11:35:31,048 - mcc - INFO - start to capture mail subject and sender
2016-09-14 11:35:31,048 - mcc - INFO - capture mail subject and sender success
2016-09-14 11:35:31,050 - mcc - INFO - begin to propose order
2016-09-14 11:36:31,052 - mcc - INFO - start to login in
2016-09-14 11:36:31,646 - mcc - INFO - login mailbox successfully!
2016-09-14 11:36:31,647 - mcc - INFO - start to set out
2016-09-14 11:36:32,319 - mcc - INFO - outbox set success
2016-09-14 11:36:32,319 - mcc - INFO - start to capture mail
2016-09-14 11:36:32,561 - mcc - INFO - capture success
2016-09-14 11:36:32,562 - mcc - INFO - start to capture mail subject and sender
2016-09-14 11:36:32,562 - mcc - INFO - capture mail subject and sender success
2016-09-14 11:36:32,564 - mcc - INFO - begin to propose order
2016-09-14 11:37:32,566 - mcc - INFO - start to login in
2016-09-14 11:37:39,693 - mcc - INFO - login mailbox successfully!
2016-09-14 11:37:39,693 - mcc - INFO - start to set out
2016-09-14 11:37:40,275 - mcc - INFO - outbox set success
2016-09-14 11:37:40,275 - mcc - INFO - start to capture mail
2016-09-14 11:37:40,531 - mcc - INFO - capture success
2016-09-14 11:37:40,531 - mcc - INFO - start to capture mail subject and sender
2016-09-14 11:37:40,532 - mcc - INFO - capture mail subject and sender success
2016-09-14 11:37:40,533 - mcc - INFO - begin to propose order
2016-09-14 11:38:40,537 - mcc - INFO - start to login in
2016-09-14 11:38:41,165 - mcc - INFO - login mailbox successfully!
2016-09-14 11:38:41,166 - mcc - INFO - start to set out
2016-09-14 11:38:41,775 - mcc - INFO - outbox set success
2016-09-14 11:38:41,776 - mcc - INFO - start to capture mail
2016-09-14 11:38:42,033 - mcc - INFO - capture success
2016-09-14 11:38:42,033 - mcc - INFO - start to capture mail subject and sender
2016-09-14 11:38:42,034 - mcc - INFO - capture mail subject and sender success
2016-09-14 11:38:42,035 - mcc - INFO - begin to propose order
2016-09-14 11:39:42,039 - mcc - INFO - start to login in
2016-09-14 11:39:47,586 - mcc - INFO - login mailbox successfully!
2016-09-14 11:39:47,587 - mcc - INFO - start to set out
2016-09-14 11:39:48,910 - mcc - INFO - outbox set success
2016-09-14 11:39:48,910 - mcc - INFO - start to capture mail
2016-09-14 11:39:49,211 - mcc - INFO - capture success
2016-09-14 11:39:49,211 - mcc - INFO - start to capture mail subject and sender
2016-09-14 11:39:49,212 - mcc - INFO - capture mail subject and sender success
2016-09-14 11:39:49,213 - mcc - INFO - begin to propose order
2016-09-14 11:40:49,216 - mcc - INFO - start to login in
2016-09-14 11:40:50,016 - mcc - INFO - login mailbox successfully!
2016-09-14 11:40:50,017 - mcc - INFO - start to set out
2016-09-14 11:40:50,584 - mcc - INFO - outbox set success
2016-09-14 11:40:50,584 - mcc - INFO - start to capture mail
2016-09-14 11:40:50,927 - mcc - INFO - capture success
2016-09-14 11:40:50,927 - mcc - INFO - start to capture mail subject and sender
2016-09-14 11:40:50,928 - mcc - INFO - capture mail subject and sender success
2016-09-14 11:40:50,929 - mcc - INFO - begin to propose order
2016-09-14 11:41:50,933 - mcc - INFO - start to login in
2016-09-14 11:41:56,529 - mcc - INFO - login mailbox successfully!
2016-09-14 11:41:56,529 - mcc - INFO - start to set out
2016-09-14 11:41:57,080 - mcc - INFO - outbox set success
2016-09-14 11:41:57,081 - mcc - INFO - start to capture mail
2016-09-14 11:41:57,323 - mcc - INFO - capture success
2016-09-14 11:41:57,324 - mcc - INFO - start to capture mail subject and sender
2016-09-14 11:41:57,324 - mcc - INFO - capture mail subject and sender success
2016-09-14 11:41:57,326 - mcc - INFO - begin to propose order
2016-09-14 11:42:57,329 - mcc - INFO - start to login in
2016-09-14 11:42:58,890 - mcc - INFO - login mailbox successfully!
2016-09-14 11:42:58,890 - mcc - INFO - start to set out
2016-09-14 11:42:59,466 - mcc - INFO - outbox set success
2016-09-14 11:42:59,467 - mcc - INFO - start to capture mail
2016-09-14 11:42:59,812 - mcc - INFO - capture success
2016-09-14 11:42:59,813 - mcc - INFO - start to capture mail subject and sender
2016-09-14 11:42:59,813 - mcc - INFO - capture mail subject and sender success
2016-09-14 11:42:59,815 - mcc - INFO - begin to propose order
2016-09-14 11:43:59,818 - mcc - INFO - start to login in
2016-09-14 11:44:00,423 - mcc - INFO - login mailbox successfully!
2016-09-14 11:44:00,423 - mcc - INFO - start to set out
2016-09-14 11:44:00,984 - mcc - INFO - outbox set success
2016-09-14 11:44:00,985 - mcc - INFO - start to capture mail
2016-09-14 11:44:01,312 - mcc - INFO - capture success
2016-09-14 11:44:01,313 - mcc - INFO - start to capture mail subject and sender
2016-09-14 11:44:01,313 - mcc - INFO - capture mail subject and sender success
2016-09-14 11:44:01,315 - mcc - INFO - begin to propose order
2016-09-14 11:45:01,318 - mcc - INFO - start to login in
2016-09-14 11:45:01,874 - mcc - INFO - login mailbox successfully!
2016-09-14 11:45:01,875 - mcc - INFO - start to set out
2016-09-14 11:45:02,494 - mcc - INFO - outbox set success
2016-09-14 11:45:02,494 - mcc - INFO - start to capture mail
2016-09-14 11:45:02,756 - mcc - INFO - capture success
2016-09-14 11:45:02,756 - mcc - INFO - start to capture mail subject and sender
2016-09-14 11:45:02,757 - mcc - INFO - capture mail subject and sender success
2016-09-14 11:45:02,758 - mcc - INFO - begin to propose order
2016-09-14 11:46:02,760 - mcc - INFO - start to login in
2016-09-14 11:46:03,326 - mcc - INFO - login mailbox successfully!
2016-09-14 11:46:03,326 - mcc - INFO - start to set out
2016-09-14 11:46:04,008 - mcc - INFO - outbox set success
2016-09-14 11:46:04,009 - mcc - INFO - start to capture mail
2016-09-14 11:46:04,253 - mcc - INFO - capture success
2016-09-14 11:46:04,254 - mcc - INFO - start to capture mail subject and sender
2016-09-14 11:46:04,254 - mcc - INFO - capture mail subject and sender success
2016-09-14 11:46:04,255 - mcc - INFO - begin to propose order
2016-09-14 11:47:04,258 - mcc - INFO - start to login in
2016-09-14 11:47:05,110 - mcc - INFO - login mailbox successfully!
2016-09-14 11:47:05,111 - mcc - INFO - start to set out
2016-09-14 11:47:05,662 - mcc - INFO - outbox set success
2016-09-14 11:47:05,662 - mcc - INFO - start to capture mail
2016-09-14 11:47:05,937 - mcc - INFO - capture success
2016-09-14 11:47:05,938 - mcc - INFO - start to capture mail subject and sender
2016-09-14 11:47:05,938 - mcc - INFO - capture mail subject and sender success
2016-09-14 11:47:05,940 - mcc - INFO - begin to propose order
2016-09-14 11:48:05,943 - mcc - INFO - start to login in
2016-09-14 11:48:06,570 - mcc - INFO - login mailbox successfully!
2016-09-14 11:48:06,571 - mcc - INFO - start to set out
2016-09-14 11:48:07,058 - mcc - INFO - outbox set success
2016-09-14 11:48:07,058 - mcc - INFO - start to capture mail
2016-09-14 11:48:07,523 - mcc - INFO - capture success
2016-09-14 11:48:07,523 - mcc - INFO - start to capture mail subject and sender
2016-09-14 11:48:07,524 - mcc - INFO - capture mail subject and sender success
2016-09-14 11:48:07,525 - mcc - INFO - begin to propose order
2016-09-14 11:48:07,526 - mcc - INFO - start to send mail to Slave
2016-09-14 11:48:07,687 - mcc - INFO - send to Slave success
2016-09-14 11:48:07,687 - mcc - INFO - open a file
2016-09-14 11:48:08,739 - mcc - INFO - start to send mail to Boss
2016-09-14 11:48:08,979 - mcc - INFO - send to Boss success
2016-09-14 11:48:08,979 - mcc - INFO - open file success
2016-09-14 11:49:08,982 - mcc - INFO - start to login in
2016-09-14 11:49:10,051 - mcc - INFO - login mailbox successfully!
2016-09-14 11:49:10,051 - mcc - INFO - start to set out
2016-09-14 11:49:10,715 - mcc - INFO - outbox set success
2016-09-14 11:49:10,716 - mcc - INFO - start to capture mail
2016-09-14 11:49:11,394 - mcc - INFO - capture success
2016-09-14 11:49:11,395 - mcc - INFO - start to capture mail subject and sender
2016-09-14 11:49:11,395 - mcc - INFO - capture mail subject and sender success
2016-09-14 11:49:11,397 - mcc - INFO - begin to propose order
2016-09-14 11:50:11,400 - mcc - INFO - start to login in
2016-09-14 11:50:11,982 - mcc - INFO - login mailbox successfully!
2016-09-14 11:50:11,982 - mcc - INFO - start to set out
2016-09-14 11:50:12,505 - mcc - INFO - outbox set success
2016-09-14 11:50:12,506 - mcc - INFO - start to capture mail
2016-09-14 11:50:12,934 - mcc - INFO - capture success
2016-09-14 11:50:12,935 - mcc - INFO - start to capture mail subject and sender
2016-09-14 11:50:12,936 - mcc - INFO - capture mail subject and sender success
2016-09-14 11:50:12,937 - mcc - INFO - begin to propose order
2016-09-14 11:51:12,940 - mcc - INFO - start to login in
2016-09-14 11:51:13,670 - mcc - INFO - login mailbox successfully!
2016-09-14 11:51:13,670 - mcc - INFO - start to set out
2016-09-14 11:51:14,171 - mcc - INFO - outbox set success
2016-09-14 11:51:14,171 - mcc - INFO - start to capture mail
2016-09-14 11:51:14,898 - mcc - INFO - capture success
2016-09-14 11:51:14,898 - mcc - INFO - start to capture mail subject and sender
2016-09-14 11:51:14,899 - mcc - INFO - capture mail subject and sender success
2016-09-14 11:51:14,900 - mcc - INFO - begin to propose order
2016-09-14 11:52:14,902 - mcc - INFO - start to login in
2016-09-14 11:52:16,379 - mcc - INFO - login mailbox successfully!
2016-09-14 11:52:16,380 - mcc - INFO - start to set out
2016-09-14 11:52:17,068 - mcc - INFO - outbox set success
2016-09-14 11:52:17,068 - mcc - INFO - start to capture mail
2016-09-14 11:52:17,595 - mcc - INFO - capture success
2016-09-14 11:52:17,596 - mcc - INFO - start to capture mail subject and sender
2016-09-14 11:52:17,596 - mcc - INFO - capture mail subject and sender success
2016-09-14 11:52:17,598 - mcc - INFO - begin to propose order
2016-09-14 11:53:17,600 - mcc - INFO - start to login in
2016-09-14 11:53:20,886 - mcc - INFO - login mailbox successfully!
2016-09-14 11:53:20,887 - mcc - INFO - start to set out
2016-09-14 11:53:21,413 - mcc - INFO - outbox set success
2016-09-14 11:53:21,413 - mcc - INFO - start to capture mail
2016-09-14 11:53:21,743 - mcc - INFO - capture success
2016-09-14 11:53:21,744 - mcc - INFO - start to capture mail subject and sender
2016-09-14 11:53:21,744 - mcc - INFO - capture mail subject and sender success
2016-09-14 11:53:21,745 - mcc - INFO - begin to propose order
2016-09-14 11:53:21,746 - mcc - INFO - start to send mail to Slave
2016-09-14 11:53:21,920 - mcc - INFO - send to Slave success
2016-09-14 11:53:21,921 - mcc - INFO - open a file
2016-09-14 11:53:22,188 - mcc - INFO - start to send mail to Boss
2016-09-14 11:53:22,359 - mcc - INFO - send to Boss success
2016-09-14 11:53:22,359 - mcc - INFO - open file success
2016-09-14 11:54:22,362 - mcc - INFO - start to login in
2016-09-14 11:54:22,972 - mcc - INFO - login mailbox successfully!
2016-09-14 11:54:22,973 - mcc - INFO - start to set out
2016-09-14 11:54:23,708 - mcc - INFO - outbox set success
2016-09-14 11:54:23,709 - mcc - INFO - start to capture mail
2016-09-14 11:54:24,037 - mcc - INFO - capture success
2016-09-14 11:54:24,038 - mcc - INFO - start to capture mail subject and sender
2016-09-14 11:54:24,038 - mcc - INFO - capture mail subject and sender success
2016-09-14 11:54:24,040 - mcc - INFO - begin to propose order
2016-09-14 11:55:24,049 - mcc - INFO - start to login in
2016-09-14 11:55:24,669 - mcc - INFO - login mailbox successfully!
2016-09-14 11:55:24,670 - mcc - INFO - start to set out
2016-09-14 11:55:25,488 - mcc - INFO - outbox set success
2016-09-14 11:55:25,488 - mcc - INFO - start to capture mail
2016-09-14 11:55:25,757 - mcc - INFO - capture success
2016-09-14 11:55:25,758 - mcc - INFO - start to capture mail subject and sender
2016-09-14 11:55:25,758 - mcc - INFO - capture mail subject and sender success
2016-09-14 11:55:25,761 - mcc - INFO - begin to propose order
